TN:
SF:C:\Users\Chris\Downloads\NG Tutorial\src\polyfills.ts
FNF:0
FNH:0
LF:0
LH:0
BRF:0
BRH:0
end_of_record
TN:
SF:C:\Users\Chris\Downloads\NG Tutorial\src\test.ts
FNF:0
FNH:0
DA:13,1
DA:18,1
DA:20,1
LF:3
LH:3
BRF:0
BRH:0
end_of_record
TN:
SF:C:\Users\Chris\Downloads\NG Tutorial\src\app\hero.service.ts
FN:19,HeroService
FN:24,(anonymous_4)
FN:27,(anonymous_5)
FN:33,(anonymous_6)
FN:37,(anonymous_7)
FN:38,(anonymous_8)
FN:47,(anonymous_9)
FN:50,(anonymous_10)
FN:56,(anonymous_11)
FN:62,(anonymous_12)
FN:70,(anonymous_13)
FN:72,(anonymous_14)
FN:78,(anonymous_15)
FN:83,(anonymous_16)
FN:89,(anonymous_17)
FN:91,(anonymous_18)
FN:102,(anonymous_19)
FN:103,(anonymous_20)
FN:117,(anonymous_21)
FNF:19
FNH:3
FNDA:2,HeroService
FNDA:1,(anonymous_4)
FNDA:0,(anonymous_5)
FNDA:0,(anonymous_6)
FNDA:0,(anonymous_7)
FNDA:0,(anonymous_8)
FNDA:0,(anonymous_9)
FNDA:0,(anonymous_10)
FNDA:0,(anonymous_11)
FNDA:0,(anonymous_12)
FNDA:0,(anonymous_13)
FNDA:0,(anonymous_14)
FNDA:0,(anonymous_15)
FNDA:0,(anonymous_16)
FNDA:0,(anonymous_17)
FNDA:0,(anonymous_18)
FNDA:1,(anonymous_19)
FNDA:0,(anonymous_20)
FNDA:0,(anonymous_21)
DA:15,1
DA:17,2
DA:20,2
DA:21,2
DA:24,1
DA:25,1
DA:27,0
DA:33,1
DA:34,0
DA:35,0
DA:37,0
DA:39,0
DA:40,0
DA:47,1
DA:48,0
DA:49,0
DA:50,0
DA:56,1
DA:59,0
DA:61,0
DA:62,0
DA:70,1
DA:71,0
DA:72,0
DA:78,1
DA:79,0
DA:80,0
DA:82,0
DA:83,0
DA:89,1
DA:90,0
DA:91,0
DA:102,1
DA:103,1
DA:106,0
DA:109,0
DA:112,0
DA:117,1
DA:118,0
DA:120,1
LF:40
LH:16
BRDA:39,0,0,0
BRDA:39,0,1,0
BRDA:79,1,0,0
BRDA:79,1,1,0
BRDA:102,2,0,0
BRDA:102,2,1,1
BRF:6
BRH:1
end_of_record
TN:
SF:C:\Users\Chris\Downloads\NG Tutorial\src\app\message.service.ts
FN:4,MessageService
FN:8,(anonymous_3)
FN:12,(anonymous_4)
FNF:3
FNH:1
FNDA:4,MessageService
FNDA:0,(anonymous_3)
FNDA:0,(anonymous_4)
DA:5,1
DA:6,4
DA:8,1
DA:9,0
DA:12,1
DA:13,0
DA:15,1
LF:7
LH:5
BRF:0
BRH:0
end_of_record
TN:
SF:C:\Users\Chris\Downloads\NG Tutorial\src\app\mock-heroes.ts
FNF:0
FNH:0
LF:0
LH:0
BRF:0
BRH:0
end_of_record
TN:
SF:C:\Users\Chris\Downloads\NG Tutorial\src\app\admin\file-upload\file-upload.component.ts
FN:42,FileUploadComponent
FN:44,(anonymous_4)
FN:47,(anonymous_5)
FN:51,(anonymous_6)
FN:80,(anonymous_7)
FN:84,(anonymous_8)
FN:89,(anonymous_9)
FN:98,(anonymous_10)
FN:102,(anonymous_11)
FNF:9
FNH:0
FNDA:0,FileUploadComponent
FNDA:0,(anonymous_4)
FNDA:0,(anonymous_5)
FNDA:0,(anonymous_6)
FNDA:0,(anonymous_7)
FNDA:0,(anonymous_8)
FNDA:0,(anonymous_9)
FNDA:0,(anonymous_10)
FNDA:0,(anonymous_11)
DA:13,1
DA:16,1
DA:19,1
DA:22,1
DA:25,1
DA:42,0
DA:44,1
DA:47,1
DA:48,0
DA:51,1
DA:53,0
DA:54,0
DA:55,0
DA:57,0
DA:67,0
DA:70,0
DA:73,0
DA:76,0
DA:77,0
DA:80,0
DA:81,0
DA:84,0
DA:87,0
DA:89,0
DA:90,0
DA:91,0
DA:98,1
DA:99,0
DA:102,1
DA:103,0
DA:105,1
LF:31
LH:11
BRDA:67,0,0,0
BRDA:67,0,1,0
BRDA:67,1,0,0
BRDA:67,1,1,0
BRDA:99,2,0,0
BRDA:99,2,1,0
BRDA:103,3,0,0
BRDA:103,3,1,0
BRF:8
BRH:0
end_of_record
TN:
SF:C:\Users\Chris\Downloads\NG Tutorial\src\app\admin\gallery-editor\gallery-editor.component.ts
FN:17,GalleryEditorComponent
FN:19,(anonymous_4)
FN:23,(anonymous_5)
FNF:3
FNH:0
FNDA:0,GalleryEditorComponent
FNDA:0,(anonymous_4)
FNDA:0,(anonymous_5)
DA:9,1
DA:11,1
DA:12,1
DA:15,1
DA:19,1
DA:20,0
DA:23,1
DA:24,0
DA:26,0
DA:27,0
DA:28,0
DA:30,1
LF:12
LH:7
BRF:0
BRH:0
end_of_record
TN:
SF:C:\Users\Chris\Downloads\NG Tutorial\src\app\admin\hike-editor\hike-editor.component.ts
FN:21,HikeEditorComponent
FN:26,(anonymous_4)
FN:30,(anonymous_5)
FN:36,(anonymous_6)
FN:41,(anonymous_7)
FN:47,(anonymous_8)
FN:56,(anonymous_9)
FN:62,(anonymous_10)
FN:64,(anonymous_11)
FN:71,(anonymous_12)
FNF:10
FNH:0
FNDA:0,HikeEditorComponent
FNDA:0,(anonymous_4)
FNDA:0,(anonymous_5)
FNDA:0,(anonymous_6)
FNDA:0,(anonymous_7)
FNDA:0,(anonymous_8)
FNDA:0,(anonymous_9)
FNDA:0,(anonymous_10)
FNDA:0,(anonymous_11)
FNDA:0,(anonymous_12)
DA:16,1
DA:17,1
DA:22,0
DA:23,0
DA:26,1
DA:27,0
DA:30,1
DA:31,0
DA:33,0
DA:35,0
DA:36,0
DA:38,0
DA:41,1
DA:42,0
DA:44,0
DA:47,1
DA:48,0
DA:50,0
DA:51,0
DA:53,0
DA:56,1
DA:60,0
DA:62,0
DA:66,0
DA:67,0
DA:71,1
DA:72,0
DA:74,0
DA:76,1
LF:29
LH:9
BRDA:35,0,0,0
BRDA:35,0,1,0
BRF:2
BRH:0
end_of_record
TN:
SF:C:\Users\Chris\Downloads\NG Tutorial\src\app\admin\hike-section-list\hike-section-list.component.ts
FN:16,HikeSectionListComponent
FN:18,(anonymous_4)
FN:22,(anonymous_5)
FN:23,(anonymous_6)
FNF:4
FNH:0
FNDA:0,HikeSectionListComponent
FNDA:0,(anonymous_4)
FNDA:0,(anonymous_5)
FNDA:0,(anonymous_6)
DA:10,1
DA:14,1
DA:16,0
DA:18,1
DA:19,0
DA:22,1
DA:23,0
DA:25,1
LF:8
LH:5
BRF:0
BRH:0
end_of_record
TN:
SF:C:\Users\Chris\Downloads\NG Tutorial\src\app\admin\html-editor\html-editor.component.ts
FN:10,HtmlEditorComponent
FN:12,(anonymous_4)
FNF:2
FNH:2
FNDA:1,HtmlEditorComponent
FNDA:1,(anonymous_4)
DA:8,1
DA:12,1
DA:15,1
LF:3
LH:3
BRF:0
BRH:0
end_of_record
TN:
SF:C:\Users\Chris\Downloads\NG Tutorial\src\app\admin\map-editor\map-editor.component.ts
FN:12,MapEditorComponent
FN:14,(anonymous_4)
FNF:2
FNH:0
FNDA:0,MapEditorComponent
FNDA:0,(anonymous_4)
DA:9,1
DA:10,1
DA:14,1
DA:15,0
DA:18,1
LF:5
LH:4
BRF:0
BRH:0
end_of_record
TN:
SF:C:\Users\Chris\Downloads\NG Tutorial\src\app\admin\section-editor\section-editor.component.ts
FN:14,SectionEditorComponent
FN:19,(anonymous_4)
FN:23,(anonymous_5)
FN:29,(anonymous_6)
FNF:4
FNH:0
FNDA:0,SectionEditorComponent
FNDA:0,(anonymous_4)
FNDA:0,(anonymous_5)
FNDA:0,(anonymous_6)
DA:11,1
DA:12,1
DA:15,0
DA:16,0
DA:19,1
DA:20,0
DA:23,1
DA:24,0
DA:29,1
DA:32,1
LF:10
LH:6
BRF:0
BRH:0
end_of_record
TN:
SF:C:\Users\Chris\Downloads\NG Tutorial\src\app\dashboard\dashboard.component.ts
FN:13,DashboardComponent
FN:15,(anonymous_4)
FN:19,(anonymous_5)
FN:21,(anonymous_6)
FNF:4
FNH:4
FNDA:4,DashboardComponent
FNDA:4,(anonymous_4)
FNDA:4,(anonymous_5)
FNDA:4,(anonymous_6)
DA:10,1
DA:11,4
DA:13,4
DA:15,1
DA:16,4
DA:19,4
DA:20,4
DA:21,4
DA:23,1
LF:9
LH:9
BRF:0
BRH:0
end_of_record
TN:
SF:C:\Users\Chris\Downloads\NG Tutorial\src\app\directives\drop-zone-directive.directive.ts
FN:11,DropZoneDirectiveDirective
FN:14,(anonymous_4)
FN:22,(anonymous_5)
FN:28,(anonymous_6)
FNF:4
FNH:1
FNDA:1,DropZoneDirectiveDirective
FNDA:0,(anonymous_4)
FNDA:0,(anonymous_5)
FNDA:0,(anonymous_6)
DA:6,1
DA:8,1
DA:9,1
DA:14,2
DA:15,0
DA:16,0
DA:17,0
DA:18,0
DA:22,2
DA:23,0
DA:24,0
DA:28,2
DA:29,0
DA:30,0
DA:32,1
LF:15
LH:7
BRF:0
BRH:0
end_of_record
TN:
SF:C:\Users\Chris\Downloads\NG Tutorial\src\app\hero-search\hero-search.component.ts
FN:21,HeroSearchComponent
FN:24,(anonymous_4)
FN:28,(anonymous_5)
FN:37,(anonymous_6)
FNF:4
FNH:2
FNDA:5,HeroSearchComponent
FNDA:0,(anonymous_4)
FNDA:5,(anonymous_5)
FNDA:0,(anonymous_6)
DA:17,1
DA:19,5
DA:21,5
DA:24,1
DA:25,0
DA:28,5
DA:29,5
DA:37,0
DA:40,1
LF:9
LH:7
BRF:0
BRH:0
end_of_record
TN:
SF:C:\Users\Chris\Downloads\NG Tutorial\src\app\heroes\heroes.component.ts
FN:14,HeroesComponent
FN:16,(anonymous_4)
FN:20,(anonymous_5)
FN:22,(anonymous_6)
FN:25,(anonymous_7)
FN:29,(anonymous_8)
FN:34,(anonymous_9)
FN:35,(anonymous_10)
FNF:8
FNH:3
FNDA:1,HeroesComponent
FNDA:1,(anonymous_4)
FNDA:1,(anonymous_5)
FNDA:0,(anonymous_6)
FNDA:0,(anonymous_7)
FNDA:0,(anonymous_8)
FNDA:0,(anonymous_9)
FNDA:0,(anonymous_10)
DA:11,1
DA:14,1
DA:16,1
DA:17,1
DA:20,1
DA:21,1
DA:22,0
DA:25,1
DA:26,0
DA:27,0
DA:28,0
DA:30,0
DA:34,1
DA:35,0
DA:36,0
DA:38,1
LF:16
LH:9
BRF:0
BRH:0
end_of_record
TN:
SF:C:\Users\Chris\Downloads\NG Tutorial\src\app\hike\hike.component.ts
FN:20,HikeComponent
FN:24,(anonymous_4)
FN:27,(anonymous_5)
FN:31,(anonymous_6)
FN:33,(anonymous_7)
FNF:5
FNH:0
FNDA:0,HikeComponent
FNDA:0,(anonymous_4)
FNDA:0,(anonymous_5)
FNDA:0,(anonymous_6)
FNDA:0,(anonymous_7)
DA:16,1
DA:20,0
DA:21,0
DA:24,1
DA:25,0
DA:27,1
DA:28,0
DA:31,1
DA:32,0
DA:33,0
DA:34,0
DA:35,0
DA:38,1
LF:13
LH:5
BRF:0
BRH:0
end_of_record
TN:
SF:C:\Users\Chris\Downloads\NG Tutorial\src\app\messages\messages.component.ts
FN:11,MessagesComponent
FN:13,(anonymous_4)
FNF:2
FNH:2
FNDA:1,MessagesComponent
FNDA:1,(anonymous_4)
DA:9,1
DA:11,1
DA:13,1
DA:16,1
LF:4
LH:4
BRF:0
BRH:0
end_of_record
TN:
SF:C:\Users\Chris\Downloads\NG Tutorial\src\app\models\Hike.ts
FN:3,(anonymous_0)
FNF:1
FNH:1
FNDA:1,(anonymous_0)
DA:3,1
DA:15,1
LF:2
LH:2
BRF:0
BRH:0
end_of_record
TN:
SF:C:\Users\Chris\Downloads\NG Tutorial\src\app\models\HikeSection.ts
FN:1,(anonymous_0)
FNF:1
FNH:1
FNDA:1,(anonymous_0)
DA:1,1
DA:12,1
LF:2
LH:2
BRF:0
BRH:0
end_of_record
TN:
SF:C:\Users\Chris\Downloads\NG Tutorial\src\app\models\HikesMock.ts
FNF:0
FNH:0
LF:0
LH:0
BRF:0
BRH:0
end_of_record
TN:
SF:C:\Users\Chris\Downloads\NG Tutorial\src\app\pipes\file-size.pipe.ts
FN:9,FileSizePipe
FN:11,(anonymous_3)
FNF:2
FNH:1
FNDA:1,FileSizePipe
FNDA:0,(anonymous_3)
DA:3,1
DA:4,1
DA:9,1
DA:11,1
DA:12,0
DA:16,0
DA:17,0
DA:19,0
DA:20,0
DA:21,0
DA:23,0
DA:25,1
LF:12
LH:5
BRDA:13,0,0,0
BRDA:13,0,1,0
BRDA:23,1,0,0
BRDA:23,1,1,0
BRF:4
BRH:0
end_of_record
TN:
SF:C:\Users\Chris\Downloads\NG Tutorial\src\app\services\hike.service.mock.ts
FN:37,HikeServiceMock
FN:12,(anonymous_4)
FN:15,(anonymous_5)
FN:16,(anonymous_6)
FN:19,(anonymous_7)
FN:20,(anonymous_8)
FN:23,(anonymous_9)
FN:34,(anonymous_10)
FN:39,(anonymous_11)
FN:42,(anonymous_12)
FNF:10
FNH:3
FNDA:2,HikeServiceMock
FNDA:0,(anonymous_4)
FNDA:0,(anonymous_5)
FNDA:0,(anonymous_6)
FNDA:1,(anonymous_7)
FNDA:1,(anonymous_8)
FNDA:0,(anonymous_9)
FNDA:0,(anonymous_10)
FNDA:0,(anonymous_11)
FNDA:0,(anonymous_12)
DA:11,1
DA:12,1
DA:13,0
DA:15,1
DA:16,0
DA:19,1
DA:20,1
DA:23,1
DA:24,0
DA:27,0
DA:30,0
DA:31,0
DA:34,0
DA:39,1
DA:42,0
DA:43,0
DA:44,0
DA:47,1
LF:18
LH:8
BRDA:43,0,0,0
BRDA:43,0,1,0
BRF:2
BRH:0
end_of_record
TN:
SF:C:\Users\Chris\Downloads\NG Tutorial\src\app\services\hike.service.ts
FN:112,HikeService
FN:19,(anonymous_4)
FN:25,(anonymous_5)
FN:33,(anonymous_6)
FN:43,(anonymous_7)
FN:50,(anonymous_8)
FN:57,(anonymous_9)
FN:58,(anonymous_10)
FN:65,(anonymous_11)
FN:71,(anonymous_12)
FN:77,(anonymous_13)
FN:78,(anonymous_14)
FN:84,(anonymous_15)
FN:95,(anonymous_16)
FN:97,(anonymous_17)
FN:99,(anonymous_18)
FN:102,(anonymous_19)
FN:107,(anonymous_20)
FNF:18
FNH:0
FNDA:0,HikeService
FNDA:0,(anonymous_4)
FNDA:0,(anonymous_5)
FNDA:0,(anonymous_6)
FNDA:0,(anonymous_7)
FNDA:0,(anonymous_8)
FNDA:0,(anonymous_9)
FNDA:0,(anonymous_10)
FNDA:0,(anonymous_11)
FNDA:0,(anonymous_12)
FNDA:0,(anonymous_13)
FNDA:0,(anonymous_14)
FNDA:0,(anonymous_15)
FNDA:0,(anonymous_16)
FNDA:0,(anonymous_17)
FNDA:0,(anonymous_18)
FNDA:0,(anonymous_19)
FNDA:0,(anonymous_20)
DA:16,1
DA:19,1
DA:20,0
DA:22,0
DA:25,1
DA:26,0
DA:29,0
DA:32,0
DA:34,0
DA:37,0
DA:39,0
DA:43,1
DA:44,0
DA:46,0
DA:50,0
DA:57,0
DA:58,0
DA:60,0
DA:65,1
DA:66,0
DA:68,0
DA:71,1
DA:72,0
DA:73,0
DA:75,0
DA:78,0
DA:80,0
DA:84,1
DA:85,0
DA:86,0
DA:88,0
DA:91,0
DA:97,0
DA:99,0
DA:100,0
DA:102,0
DA:103,0
DA:107,0
DA:112,0
DA:113,0
DA:115,1
LF:41
LH:8
BRDA:48,0,0,0
BRDA:48,0,1,0
BRDA:73,1,0,0
BRDA:73,1,1,0
BRF:4
BRH:0
end_of_record
TN:
SF:C:\Users\Chris\Downloads\NG Tutorial\src\app\services\notifcation.service.ts
FN:9,NotifcationService
FN:11,(anonymous_4)
FN:18,(anonymous_5)
FN:22,(anonymous_6)
FN:23,(anonymous_7)
FN:27,(anonymous_8)
FN:33,(anonymous_9)
FN:35,(anonymous_10)
FN:41,(anonymous_11)
FN:46,(anonymous_12)
FNF:10
FNH:1
FNDA:1,NotifcationService
FNDA:0,(anonymous_4)
FNDA:0,(anonymous_5)
FNDA:0,(anonymous_6)
FNDA:0,(anonymous_7)
FNDA:0,(anonymous_8)
FNDA:0,(anonymous_9)
FNDA:0,(anonymous_10)
FNDA:0,(anonymous_11)
FNDA:0,(anonymous_12)
DA:7,1
DA:12,0
DA:13,0
DA:14,0
DA:15,0
DA:19,0
DA:22,1
DA:23,0
DA:24,0
DA:25,0
DA:26,0
DA:28,0
DA:29,0
DA:33,1
DA:35,0
DA:37,0
DA:40,0
DA:43,0
DA:46,0
DA:47,0
DA:51,1
LF:21
LH:4
BRDA:13,0,0,0
BRDA:13,0,1,0
BRDA:19,1,0,0
BRDA:19,1,1,0
BRF:4
BRH:0
end_of_record
